2019-11-06 20:12:57,474 1 DEBUG OSGi.NET.Core.Root.Framework OSGi.NET.Core.Root.Framework.LoadMetaData(D:\gitLib\OSGi.NET\OSGi.NET Client\OSGi.NET\Core\Root\Framework.cs:210) f :  框架读取元数据信息！
2019-11-06 20:12:58,358 1 DEBUG OSGi.NET.Core.Root.Framework OSGi.NET.Core.Root.Framework.Init(D:\gitLib\OSGi.NET\OSGi.NET Client\OSGi.NET\Core\Root\Framework.cs:177) f :  框架初始化开始！
2019-11-06 20:12:58,364 1 DEBUG OSGi.NET.Core.Root.Framework OSGi.NET.Core.Root.Framework.ReadConfig(D:\gitLib\OSGi.NET\OSGi.NET Client\OSGi.NET\Core\Root\Framework.cs:231) f :  框架读取配置！
2019-11-06 20:12:58,370 1 DEBUG OSGi.NET.Core.Root.Framework OSGi.NET.Core.Root.Framework.LoadShareAssemblys(D:\gitLib\OSGi.NET\OSGi.NET Client\OSGi.NET\Core\Root\Framework.cs:249) f :  框架加载共享程序集！
2019-11-06 20:12:58,373 1 DEBUG OSGi.NET.Core.Root.Framework OSGi.NET.Core.Root.Framework.DomainAssemblyInsertShareLib(D:\gitLib\OSGi.NET\OSGi.NET Client\OSGi.NET\Core\Root\Framework.cs:323) f :  框架关联共享程序集[Project]！
2019-11-06 20:12:58,375 1 DEBUG OSGi.NET.Core.Root.Framework OSGi.NET.Core.Root.Framework.DomainAssemblyInsertShareLib(D:\gitLib\OSGi.NET\OSGi.NET Client\OSGi.NET\Core\Root\Framework.cs:323) f :  框架关联共享程序集[Microsoft.VisualStudio.Debugger.Runtime]！
2019-11-06 20:12:58,375 1 DEBUG OSGi.NET.Core.Root.Framework OSGi.NET.Core.Root.Framework.DomainAssemblyInsertShareLib(D:\gitLib\OSGi.NET\OSGi.NET Client\OSGi.NET\Core\Root\Framework.cs:323) f :  框架关联共享程序集[log4net]！
2019-11-06 20:12:58,376 1 DEBUG OSGi.NET.Core.Root.Framework OSGi.NET.Core.Root.Framework.DiscoverBundles(D:\gitLib\OSGi.NET\OSGi.NET Client\OSGi.NET\Core\Root\Framework.cs:336) f :  框架读取模块信息！
2019-11-06 20:12:58,398 1 DEBUG OSGi.NET.Core.Bundle OSGi.NET.Core.Bundle.LoadMetaData(D:\gitLib\OSGi.NET\OSGi.NET Client\OSGi.NET\Core\Bundle.cs:199) f :  模块读取元数据信息！[LogPlugin]
2019-11-06 20:12:58,442 1 DEBUG OSGi.NET.Core.Bundle OSGi.NET.Core.Bundle.LoadMetaData(D:\gitLib\OSGi.NET\OSGi.NET Client\OSGi.NET\Core\Bundle.cs:199) f :  模块读取元数据信息！[CachePlugin]
2019-11-06 20:12:58,465 1 DEBUG OSGi.NET.Core.Bundle OSGi.NET.Core.Bundle.LoadMetaData(D:\gitLib\OSGi.NET\OSGi.NET Client\OSGi.NET\Core\Bundle.cs:199) f :  模块读取元数据信息！[DBPlugin]
2019-11-06 20:12:58,486 1 DEBUG OSGi.NET.Core.Root.Framework OSGi.NET.Core.Root.Framework.Init(D:\gitLib\OSGi.NET\OSGi.NET Client\OSGi.NET\Core\Root\Framework.cs:196) f :  框架初始化结束！
2019-11-06 20:12:58,973 1 DEBUG OSGi.NET.Core.Root.Framework OSGi.NET.Core.Root.Framework.Start(D:\gitLib\OSGi.NET\OSGi.NET Client\OSGi.NET\Core\Root\Framework.cs:375) f :  框架启动开始！
2019-11-06 20:12:58,977 1 DEBUG OSGi.NET.Core.Bundle OSGi.NET.Core.Bundle.Start(D:\gitLib\OSGi.NET\OSGi.NET Client\OSGi.NET\Core\Bundle.cs:255) f :  模块LogPlugin启动开始！
2019-11-06 20:12:58,978 1 DEBUG OSGi.NET.Core.Bundle OSGi.NET.Core.Bundle.Resolve(D:\gitLib\OSGi.NET\OSGi.NET Client\OSGi.NET\Core\Bundle.cs:401) f :  模块LogPlugin加载开始！
2019-11-06 20:12:58,981 1 DEBUG OSGi.NET.Core.Bundle OSGi.NET.Core.Bundle.LoadRequiredBundle(D:\gitLib\OSGi.NET\OSGi.NET Client\OSGi.NET\Core\Bundle.cs:427) f :  加载相关依赖模块！
2019-11-06 20:12:58,989 1 DEBUG OSGi.NET.Core.Bundle OSGi.NET.Core.Bundle.LoadAssemblys(D:\gitLib\OSGi.NET\OSGi.NET Client\OSGi.NET\Core\Bundle.cs:503) f :  模块加载自身程序集！
2019-11-06 20:12:59,019 1 DEBUG OSGi.NET.Core.Bundle OSGi.NET.Core.Bundle.LoadAssemblys(D:\gitLib\OSGi.NET\OSGi.NET Client\OSGi.NET\Core\Bundle.cs:548) f :  模块关联共享库程序集[log4net]！
2019-11-06 20:12:59,200 1 DEBUG OSGi.NET.Core.Bundle OSGi.NET.Core.Bundle.LoadActivator(D:\gitLib\OSGi.NET\OSGi.NET Client\OSGi.NET\Core\Bundle.cs:603) f :  模块搜索激活器！
2019-11-06 20:12:59,200 1 DEBUG OSGi.NET.Core.Bundle OSGi.NET.Core.Bundle.Resolve(D:\gitLib\OSGi.NET\OSGi.NET Client\OSGi.NET\Core\Bundle.cs:418) f :  模块LogPlugin加载结束！
2019-11-06 20:12:59,201 1 DEBUG OSGi.NET.Core.Bundle OSGi.NET.Core.Bundle.Start(D:\gitLib\OSGi.NET\OSGi.NET Client\OSGi.NET\Core\Bundle.cs:281) f :  激活器启动！
2019-11-06 20:12:59,204 1 DEBUG LogPlugin.Class1 LogPlugin.Class1.Start(:0) f :  LogPlugin Started!
2019-11-06 20:12:59,204 1 DEBUG OSGi.NET.Core.Bundle OSGi.NET.Core.Bundle.Start(D:\gitLib\OSGi.NET\OSGi.NET Client\OSGi.NET\Core\Bundle.cs:286) f :  加载扩展点数据！
2019-11-06 20:12:59,206 1 DEBUG OSGi.NET.Core.Bundle OSGi.NET.Core.Bundle.LoadExtensions(D:\gitLib\OSGi.NET\OSGi.NET Client\OSGi.NET\Core\Bundle.cs:311) f :  扩展点加载开始！
2019-11-06 20:12:59,209 1 DEBUG OSGi.NET.Core.Bundle OSGi.NET.Core.Bundle.LoadExtensions(D:\gitLib\OSGi.NET\OSGi.NET Client\OSGi.NET\Core\Bundle.cs:388) f :  扩展点加载结束！
2019-11-06 20:12:59,209 1 DEBUG OSGi.NET.Core.Bundle OSGi.NET.Core.Bundle.Start(D:\gitLib\OSGi.NET\OSGi.NET Client\OSGi.NET\Core\Bundle.cs:302) f :  模块LogPlugin启动结束！
2019-11-06 20:12:59,209 1 DEBUG OSGi.NET.Core.Bundle OSGi.NET.Core.Bundle.Start(D:\gitLib\OSGi.NET\OSGi.NET Client\OSGi.NET\Core\Bundle.cs:255) f :  模块CachePlugin启动开始！
2019-11-06 20:12:59,209 1 DEBUG OSGi.NET.Core.Bundle OSGi.NET.Core.Bundle.Resolve(D:\gitLib\OSGi.NET\OSGi.NET Client\OSGi.NET\Core\Bundle.cs:401) f :  模块CachePlugin加载开始！
2019-11-06 20:12:59,209 1 DEBUG OSGi.NET.Core.Bundle OSGi.NET.Core.Bundle.LoadRequiredBundle(D:\gitLib\OSGi.NET\OSGi.NET Client\OSGi.NET\Core\Bundle.cs:427) f :  加载相关依赖模块！
2019-11-06 20:12:59,210 1 DEBUG OSGi.NET.Core.Bundle OSGi.NET.Core.Bundle.LoadAssemblys(D:\gitLib\OSGi.NET\OSGi.NET Client\OSGi.NET\Core\Bundle.cs:503) f :  模块加载自身程序集！
2019-11-06 20:12:59,210 1 DEBUG OSGi.NET.Core.Bundle OSGi.NET.Core.Bundle.LoadAssemblys(D:\gitLib\OSGi.NET\OSGi.NET Client\OSGi.NET\Core\Bundle.cs:533) f :  模块关联引用模块[LogPlugin]！
2019-11-06 20:12:59,211 1 DEBUG OSGi.NET.Core.Bundle OSGi.NET.Core.Bundle.LoadAssemblys(D:\gitLib\OSGi.NET\OSGi.NET Client\OSGi.NET\Core\Bundle.cs:548) f :  模块关联共享库程序集[log4net]！
2019-11-06 20:12:59,215 1 DEBUG OSGi.NET.Core.Bundle OSGi.NET.Core.Bundle.LoadActivator(D:\gitLib\OSGi.NET\OSGi.NET Client\OSGi.NET\Core\Bundle.cs:603) f :  模块搜索激活器！
2019-11-06 20:12:59,215 1 DEBUG OSGi.NET.Core.Bundle OSGi.NET.Core.Bundle.Resolve(D:\gitLib\OSGi.NET\OSGi.NET Client\OSGi.NET\Core\Bundle.cs:418) f :  模块CachePlugin加载结束！
2019-11-06 20:12:59,215 1 DEBUG OSGi.NET.Core.Bundle OSGi.NET.Core.Bundle.Start(D:\gitLib\OSGi.NET\OSGi.NET Client\OSGi.NET\Core\Bundle.cs:281) f :  激活器启动！
2019-11-06 20:12:59,246 1 DEBUG OSGi.NET.Core.Bundle OSGi.NET.Core.Bundle.Start(D:\gitLib\OSGi.NET\OSGi.NET Client\OSGi.NET\Core\Bundle.cs:297) f :  模块CachePlugin启动失败！
2019-11-06 20:12:59,251 1 ERROR OSGi.NET.Core.Root.Framework OSGi.NET.Core.Root.Framework.Start(D:\gitLib\OSGi.NET\OSGi.NET Client\OSGi.NET\Core\Root\Framework.cs:409) f :  启动插件[Bundle[AssemblyName:CachePlugin, Version=1.0.0.0, Culture=neutral, PublicKeyToken=null,SymbolicName:CachePlugin,Version:1.0.0.0]]时出现异常
System.NullReferenceException: 未将对象引用设置到对象的实例。
   在 OSGi.NET.Core.Bundle.Start() 位置 D:\gitLib\OSGi.NET\OSGi.NET Client\OSGi.NET\Core\Bundle.cs:行号 298
   在 OSGi.NET.Core.Root.Framework.Start() 位置 D:\gitLib\OSGi.NET\OSGi.NET Client\OSGi.NET\Core\Root\Framework.cs:行号 405
2019-11-06 20:12:59,257 1 DEBUG OSGi.NET.Core.Bundle OSGi.NET.Core.Bundle.Start(D:\gitLib\OSGi.NET\OSGi.NET Client\OSGi.NET\Core\Bundle.cs:255) f :  模块DBPlugin启动开始！
2019-11-06 20:12:59,257 1 DEBUG OSGi.NET.Core.Bundle OSGi.NET.Core.Bundle.Resolve(D:\gitLib\OSGi.NET\OSGi.NET Client\OSGi.NET\Core\Bundle.cs:401) f :  模块DBPlugin加载开始！
2019-11-06 20:12:59,257 1 DEBUG OSGi.NET.Core.Bundle OSGi.NET.Core.Bundle.LoadRequiredBundle(D:\gitLib\OSGi.NET\OSGi.NET Client\OSGi.NET\Core\Bundle.cs:427) f :  加载相关依赖模块！
2019-11-06 20:12:59,258 1 DEBUG OSGi.NET.Core.Bundle OSGi.NET.Core.Bundle.LoadAssemblys(D:\gitLib\OSGi.NET\OSGi.NET Client\OSGi.NET\Core\Bundle.cs:503) f :  模块加载自身程序集！
2019-11-06 20:12:59,258 1 DEBUG OSGi.NET.Core.Bundle OSGi.NET.Core.Bundle.LoadAssemblys(D:\gitLib\OSGi.NET\OSGi.NET Client\OSGi.NET\Core\Bundle.cs:533) f :  模块关联引用模块[LogPlugin]！
2019-11-06 20:12:59,259 1 DEBUG OSGi.NET.Core.Bundle OSGi.NET.Core.Bundle.LoadAssemblys(D:\gitLib\OSGi.NET\OSGi.NET Client\OSGi.NET\Core\Bundle.cs:548) f :  模块关联共享库程序集[log4net]！
2019-11-06 20:12:59,265 1 DEBUG OSGi.NET.Core.Bundle OSGi.NET.Core.Bundle.LoadActivator(D:\gitLib\OSGi.NET\OSGi.NET Client\OSGi.NET\Core\Bundle.cs:603) f :  模块搜索激活器！
2019-11-06 20:12:59,265 1 DEBUG OSGi.NET.Core.Bundle OSGi.NET.Core.Bundle.Resolve(D:\gitLib\OSGi.NET\OSGi.NET Client\OSGi.NET\Core\Bundle.cs:418) f :  模块DBPlugin加载结束！
2019-11-06 20:12:59,265 1 DEBUG OSGi.NET.Core.Bundle OSGi.NET.Core.Bundle.Start(D:\gitLib\OSGi.NET\OSGi.NET Client\OSGi.NET\Core\Bundle.cs:281) f :  激活器启动！
2019-11-06 20:12:59,272 1 DEBUG OSGi.NET.Core.Bundle OSGi.NET.Core.Bundle.Start(D:\gitLib\OSGi.NET\OSGi.NET Client\OSGi.NET\Core\Bundle.cs:297) f :  模块DBPlugin启动失败！
2019-11-06 20:12:59,279 1 ERROR OSGi.NET.Core.Root.Framework OSGi.NET.Core.Root.Framework.Start(D:\gitLib\OSGi.NET\OSGi.NET Client\OSGi.NET\Core\Root\Framework.cs:409) f :  启动插件[Bundle[AssemblyName:DBPlugin, Version=1.0.0.0, Culture=neutral, PublicKeyToken=null,SymbolicName:DBPlugin,Version:1.0.0.0]]时出现异常
System.NullReferenceException: 未将对象引用设置到对象的实例。
   在 OSGi.NET.Core.Bundle.Start() 位置 D:\gitLib\OSGi.NET\OSGi.NET Client\OSGi.NET\Core\Bundle.cs:行号 298
   在 OSGi.NET.Core.Root.Framework.Start() 位置 D:\gitLib\OSGi.NET\OSGi.NET Client\OSGi.NET\Core\Root\Framework.cs:行号 405
2019-11-06 20:12:59,279 1 DEBUG OSGi.NET.Core.Root.Framework OSGi.NET.Core.Root.Framework.Start(D:\gitLib\OSGi.NET\OSGi.NET Client\OSGi.NET\Core\Root\Framework.cs:418) f :  框架启动完成！
2019-11-06 20:58:05,714 1 DEBUG OSGi.NET.Core.Root.Framework OSGi.NET.Core.Root.Framework.LoadMetaData(D:\gitLib\OSGi.NET\OSGi.NET Client\OSGi.NET\Core\Root\Framework.cs:210) f :  框架读取元数据信息！
2019-11-06 20:58:05,749 1 DEBUG OSGi.NET.Core.Root.Framework OSGi.NET.Core.Root.Framework.Init(D:\gitLib\OSGi.NET\OSGi.NET Client\OSGi.NET\Core\Root\Framework.cs:177) f :  框架初始化开始！
2019-11-06 20:58:05,751 1 DEBUG OSGi.NET.Core.Root.Framework OSGi.NET.Core.Root.Framework.ReadConfig(D:\gitLib\OSGi.NET\OSGi.NET Client\OSGi.NET\Core\Root\Framework.cs:231) f :  框架读取配置！
2019-11-06 20:58:05,758 1 DEBUG OSGi.NET.Core.Root.Framework OSGi.NET.Core.Root.Framework.LoadShareAssemblys(D:\gitLib\OSGi.NET\OSGi.NET Client\OSGi.NET\Core\Root\Framework.cs:249) f :  框架加载共享程序集！
2019-11-06 20:58:05,764 1 DEBUG OSGi.NET.Core.Root.Framework OSGi.NET.Core.Root.Framework.DomainAssemblyInsertShareLib(D:\gitLib\OSGi.NET\OSGi.NET Client\OSGi.NET\Core\Root\Framework.cs:323) f :  框架关联共享程序集[Project]！
2019-11-06 20:58:05,765 1 DEBUG OSGi.NET.Core.Root.Framework OSGi.NET.Core.Root.Framework.DomainAssemblyInsertShareLib(D:\gitLib\OSGi.NET\OSGi.NET Client\OSGi.NET\Core\Root\Framework.cs:323) f :  框架关联共享程序集[log4net]！
2019-11-06 20:58:05,768 1 DEBUG OSGi.NET.Core.Root.Framework OSGi.NET.Core.Root.Framework.DiscoverBundles(D:\gitLib\OSGi.NET\OSGi.NET Client\OSGi.NET\Core\Root\Framework.cs:336) f :  框架读取模块信息！
2019-11-06 20:58:05,798 1 DEBUG OSGi.NET.Core.Bundle OSGi.NET.Core.Bundle.LoadMetaData(D:\gitLib\OSGi.NET\OSGi.NET Client\OSGi.NET\Core\Bundle.cs:199) f :  模块读取元数据信息！[LogPlugin]
2019-11-06 20:58:05,889 1 DEBUG OSGi.NET.Core.Bundle OSGi.NET.Core.Bundle.LoadMetaData(D:\gitLib\OSGi.NET\OSGi.NET Client\OSGi.NET\Core\Bundle.cs:199) f :  模块读取元数据信息！[CachePlugin]
2019-11-06 20:58:05,920 1 DEBUG OSGi.NET.Core.Bundle OSGi.NET.Core.Bundle.LoadMetaData(D:\gitLib\OSGi.NET\OSGi.NET Client\OSGi.NET\Core\Bundle.cs:199) f :  模块读取元数据信息！[DBPlugin]
2019-11-06 20:58:05,952 1 DEBUG OSGi.NET.Core.Root.Framework OSGi.NET.Core.Root.Framework.Init(D:\gitLib\OSGi.NET\OSGi.NET Client\OSGi.NET\Core\Root\Framework.cs:196) f :  框架初始化结束！
2019-11-06 20:58:05,954 1 DEBUG OSGi.NET.Core.Root.Framework OSGi.NET.Core.Root.Framework.Start(D:\gitLib\OSGi.NET\OSGi.NET Client\OSGi.NET\Core\Root\Framework.cs:375) f :  框架启动开始！
2019-11-06 20:58:05,956 1 DEBUG OSGi.NET.Core.Bundle OSGi.NET.Core.Bundle.Start(D:\gitLib\OSGi.NET\OSGi.NET Client\OSGi.NET\Core\Bundle.cs:255) f :  模块LogPlugin启动开始！
2019-11-06 20:58:05,957 1 DEBUG OSGi.NET.Core.Bundle OSGi.NET.Core.Bundle.Resolve(D:\gitLib\OSGi.NET\OSGi.NET Client\OSGi.NET\Core\Bundle.cs:401) f :  模块LogPlugin加载开始！
2019-11-06 20:58:05,961 1 DEBUG OSGi.NET.Core.Bundle OSGi.NET.Core.Bundle.LoadRequiredBundle(D:\gitLib\OSGi.NET\OSGi.NET Client\OSGi.NET\Core\Bundle.cs:427) f :  加载相关依赖模块！
2019-11-06 20:58:05,968 1 DEBUG OSGi.NET.Core.Bundle OSGi.NET.Core.Bundle.LoadAssemblys(D:\gitLib\OSGi.NET\OSGi.NET Client\OSGi.NET\Core\Bundle.cs:503) f :  模块加载自身程序集！
2019-11-06 20:58:06,010 1 DEBUG OSGi.NET.Core.Bundle OSGi.NET.Core.Bundle.LoadAssemblys(D:\gitLib\OSGi.NET\OSGi.NET Client\OSGi.NET\Core\Bundle.cs:548) f :  模块关联共享库程序集[log4net]！
2019-11-06 20:58:06,295 1 DEBUG OSGi.NET.Core.Bundle OSGi.NET.Core.Bundle.LoadActivator(D:\gitLib\OSGi.NET\OSGi.NET Client\OSGi.NET\Core\Bundle.cs:603) f :  模块搜索激活器！
2019-11-06 20:58:06,296 1 DEBUG OSGi.NET.Core.Bundle OSGi.NET.Core.Bundle.Resolve(D:\gitLib\OSGi.NET\OSGi.NET Client\OSGi.NET\Core\Bundle.cs:418) f :  模块LogPlugin加载结束！
2019-11-06 20:58:06,296 1 DEBUG OSGi.NET.Core.Bundle OSGi.NET.Core.Bundle.Start(D:\gitLib\OSGi.NET\OSGi.NET Client\OSGi.NET\Core\Bundle.cs:281) f :  激活器启动！
2019-11-06 20:58:06,301 1 DEBUG LogPlugin.Class1 LogPlugin.Class1.Start(:0) f :  LogPlugin Started!
2019-11-06 20:58:06,301 1 DEBUG OSGi.NET.Core.Bundle OSGi.NET.Core.Bundle.Start(D:\gitLib\OSGi.NET\OSGi.NET Client\OSGi.NET\Core\Bundle.cs:286) f :  加载扩展点数据！
2019-11-06 20:58:06,304 1 DEBUG OSGi.NET.Core.Bundle OSGi.NET.Core.Bundle.LoadExtensions(D:\gitLib\OSGi.NET\OSGi.NET Client\OSGi.NET\Core\Bundle.cs:311) f :  扩展点加载开始！
2019-11-06 20:58:06,308 1 DEBUG OSGi.NET.Core.Bundle OSGi.NET.Core.Bundle.LoadExtensions(D:\gitLib\OSGi.NET\OSGi.NET Client\OSGi.NET\Core\Bundle.cs:388) f :  扩展点加载结束！
2019-11-06 20:58:06,309 1 DEBUG OSGi.NET.Core.Bundle OSGi.NET.Core.Bundle.Start(D:\gitLib\OSGi.NET\OSGi.NET Client\OSGi.NET\Core\Bundle.cs:302) f :  模块LogPlugin启动结束！
2019-11-06 20:58:06,309 1 DEBUG OSGi.NET.Core.Bundle OSGi.NET.Core.Bundle.Start(D:\gitLib\OSGi.NET\OSGi.NET Client\OSGi.NET\Core\Bundle.cs:255) f :  模块CachePlugin启动开始！
2019-11-06 20:58:06,310 1 DEBUG OSGi.NET.Core.Bundle OSGi.NET.Core.Bundle.Resolve(D:\gitLib\OSGi.NET\OSGi.NET Client\OSGi.NET\Core\Bundle.cs:401) f :  模块CachePlugin加载开始！
2019-11-06 20:58:06,310 1 DEBUG OSGi.NET.Core.Bundle OSGi.NET.Core.Bundle.LoadRequiredBundle(D:\gitLib\OSGi.NET\OSGi.NET Client\OSGi.NET\Core\Bundle.cs:427) f :  加载相关依赖模块！
2019-11-06 20:58:06,311 1 DEBUG OSGi.NET.Core.Bundle OSGi.NET.Core.Bundle.LoadAssemblys(D:\gitLib\OSGi.NET\OSGi.NET Client\OSGi.NET\Core\Bundle.cs:503) f :  模块加载自身程序集！
2019-11-06 20:58:06,312 1 DEBUG OSGi.NET.Core.Bundle OSGi.NET.Core.Bundle.LoadAssemblys(D:\gitLib\OSGi.NET\OSGi.NET Client\OSGi.NET\Core\Bundle.cs:533) f :  模块关联引用模块[LogPlugin]！
2019-11-06 20:58:06,313 1 DEBUG OSGi.NET.Core.Bundle OSGi.NET.Core.Bundle.LoadAssemblys(D:\gitLib\OSGi.NET\OSGi.NET Client\OSGi.NET\Core\Bundle.cs:548) f :  模块关联共享库程序集[log4net]！
2019-11-06 20:58:06,326 1 DEBUG OSGi.NET.Core.Bundle OSGi.NET.Core.Bundle.LoadActivator(D:\gitLib\OSGi.NET\OSGi.NET Client\OSGi.NET\Core\Bundle.cs:603) f :  模块搜索激活器！
2019-11-06 20:58:06,327 1 DEBUG OSGi.NET.Core.Bundle OSGi.NET.Core.Bundle.Resolve(D:\gitLib\OSGi.NET\OSGi.NET Client\OSGi.NET\Core\Bundle.cs:418) f :  模块CachePlugin加载结束！
2019-11-06 20:58:06,327 1 DEBUG OSGi.NET.Core.Bundle OSGi.NET.Core.Bundle.Start(D:\gitLib\OSGi.NET\OSGi.NET Client\OSGi.NET\Core\Bundle.cs:281) f :  激活器启动！
2019-11-06 20:58:06,373 1 DEBUG OSGi.NET.Core.Bundle OSGi.NET.Core.Bundle.Start(D:\gitLib\OSGi.NET\OSGi.NET Client\OSGi.NET\Core\Bundle.cs:297) f :  模块CachePlugin启动失败！
2019-11-06 20:58:06,380 1 ERROR OSGi.NET.Core.Root.Framework OSGi.NET.Core.Root.Framework.Start(D:\gitLib\OSGi.NET\OSGi.NET Client\OSGi.NET\Core\Root\Framework.cs:409) f :  启动插件[Bundle[AssemblyName:CachePlugin, Version=1.0.0.0, Culture=neutral, PublicKeyToken=null,SymbolicName:CachePlugin,Version:1.0.0.0]]时出现异常
System.NullReferenceException: 未将对象引用设置到对象的实例。
   在 OSGi.NET.Core.Bundle.Start() 位置 D:\gitLib\OSGi.NET\OSGi.NET Client\OSGi.NET\Core\Bundle.cs:行号 298
   在 OSGi.NET.Core.Root.Framework.Start() 位置 D:\gitLib\OSGi.NET\OSGi.NET Client\OSGi.NET\Core\Root\Framework.cs:行号 405
2019-11-06 20:58:06,389 1 DEBUG OSGi.NET.Core.Bundle OSGi.NET.Core.Bundle.Start(D:\gitLib\OSGi.NET\OSGi.NET Client\OSGi.NET\Core\Bundle.cs:255) f :  模块DBPlugin启动开始！
2019-11-06 20:58:06,389 1 DEBUG OSGi.NET.Core.Bundle OSGi.NET.Core.Bundle.Resolve(D:\gitLib\OSGi.NET\OSGi.NET Client\OSGi.NET\Core\Bundle.cs:401) f :  模块DBPlugin加载开始！
2019-11-06 20:58:06,390 1 DEBUG OSGi.NET.Core.Bundle OSGi.NET.Core.Bundle.LoadRequiredBundle(D:\gitLib\OSGi.NET\OSGi.NET Client\OSGi.NET\Core\Bundle.cs:427) f :  加载相关依赖模块！
2019-11-06 20:58:06,390 1 DEBUG OSGi.NET.Core.Bundle OSGi.NET.Core.Bundle.LoadAssemblys(D:\gitLib\OSGi.NET\OSGi.NET Client\OSGi.NET\Core\Bundle.cs:503) f :  模块加载自身程序集！
2019-11-06 20:58:06,391 1 DEBUG OSGi.NET.Core.Bundle OSGi.NET.Core.Bundle.LoadAssemblys(D:\gitLib\OSGi.NET\OSGi.NET Client\OSGi.NET\Core\Bundle.cs:533) f :  模块关联引用模块[LogPlugin]！
2019-11-06 20:58:06,392 1 DEBUG OSGi.NET.Core.Bundle OSGi.NET.Core.Bundle.LoadAssemblys(D:\gitLib\OSGi.NET\OSGi.NET Client\OSGi.NET\Core\Bundle.cs:548) f :  模块关联共享库程序集[log4net]！
2019-11-06 20:58:06,400 1 DEBUG OSGi.NET.Core.Bundle OSGi.NET.Core.Bundle.LoadActivator(D:\gitLib\OSGi.NET\OSGi.NET Client\OSGi.NET\Core\Bundle.cs:603) f :  模块搜索激活器！
2019-11-06 20:58:06,400 1 DEBUG OSGi.NET.Core.Bundle OSGi.NET.Core.Bundle.Resolve(D:\gitLib\OSGi.NET\OSGi.NET Client\OSGi.NET\Core\Bundle.cs:418) f :  模块DBPlugin加载结束！
2019-11-06 20:58:06,401 1 DEBUG OSGi.NET.Core.Bundle OSGi.NET.Core.Bundle.Start(D:\gitLib\OSGi.NET\OSGi.NET Client\OSGi.NET\Core\Bundle.cs:281) f :  激活器启动！
2019-11-06 20:58:06,411 1 DEBUG OSGi.NET.Core.Bundle OSGi.NET.Core.Bundle.Start(D:\gitLib\OSGi.NET\OSGi.NET Client\OSGi.NET\Core\Bundle.cs:297) f :  模块DBPlugin启动失败！
2019-11-06 20:58:06,423 1 ERROR OSGi.NET.Core.Root.Framework OSGi.NET.Core.Root.Framework.Start(D:\gitLib\OSGi.NET\OSGi.NET Client\OSGi.NET\Core\Root\Framework.cs:409) f :  启动插件[Bundle[AssemblyName:DBPlugin, Version=1.0.0.0, Culture=neutral, PublicKeyToken=null,SymbolicName:DBPlugin,Version:1.0.0.0]]时出现异常
System.NullReferenceException: 未将对象引用设置到对象的实例。
   在 OSGi.NET.Core.Bundle.Start() 位置 D:\gitLib\OSGi.NET\OSGi.NET Client\OSGi.NET\Core\Bundle.cs:行号 298
   在 OSGi.NET.Core.Root.Framework.Start() 位置 D:\gitLib\OSGi.NET\OSGi.NET Client\OSGi.NET\Core\Root\Framework.cs:行号 405
2019-11-06 20:58:06,424 1 DEBUG OSGi.NET.Core.Root.Framework OSGi.NET.Core.Root.Framework.Start(D:\gitLib\OSGi.NET\OSGi.NET Client\OSGi.NET\Core\Root\Framework.cs:418) f :  框架启动完成！
2019-11-06 20:59:51,371 1 DEBUG OSGi.NET.Core.Root.Framework OSGi.NET.Core.Root.Framework.LoadMetaData(D:\gitLib\OSGi.NET\OSGi.NET Client\OSGi.NET\Core\Root\Framework.cs:210) f :  框架读取元数据信息！
2019-11-06 20:59:51,429 1 DEBUG OSGi.NET.Core.Root.Framework OSGi.NET.Core.Root.Framework.Init(D:\gitLib\OSGi.NET\OSGi.NET Client\OSGi.NET\Core\Root\Framework.cs:177) f :  框架初始化开始！
2019-11-06 20:59:51,431 1 DEBUG OSGi.NET.Core.Root.Framework OSGi.NET.Core.Root.Framework.ReadConfig(D:\gitLib\OSGi.NET\OSGi.NET Client\OSGi.NET\Core\Root\Framework.cs:231) f :  框架读取配置！
2019-11-06 20:59:51,434 1 DEBUG OSGi.NET.Core.Root.Framework OSGi.NET.Core.Root.Framework.LoadShareAssemblys(D:\gitLib\OSGi.NET\OSGi.NET Client\OSGi.NET\Core\Root\Framework.cs:249) f :  框架加载共享程序集！
2019-11-06 20:59:51,437 1 DEBUG OSGi.NET.Core.Root.Framework OSGi.NET.Core.Root.Framework.DomainAssemblyInsertShareLib(D:\gitLib\OSGi.NET\OSGi.NET Client\OSGi.NET\Core\Root\Framework.cs:323) f :  框架关联共享程序集[Project]！
2019-11-06 20:59:51,438 1 DEBUG OSGi.NET.Core.Root.Framework OSGi.NET.Core.Root.Framework.DomainAssemblyInsertShareLib(D:\gitLib\OSGi.NET\OSGi.NET Client\OSGi.NET\Core\Root\Framework.cs:323) f :  框架关联共享程序集[log4net]！
2019-11-06 20:59:51,439 1 DEBUG OSGi.NET.Core.Root.Framework OSGi.NET.Core.Root.Framework.DiscoverBundles(D:\gitLib\OSGi.NET\OSGi.NET Client\OSGi.NET\Core\Root\Framework.cs:336) f :  框架读取模块信息！
2019-11-06 20:59:51,463 1 DEBUG OSGi.NET.Core.Bundle OSGi.NET.Core.Bundle.LoadMetaData(D:\gitLib\OSGi.NET\OSGi.NET Client\OSGi.NET\Core\Bundle.cs:199) f :  模块读取元数据信息！[LogPlugin]
2019-11-06 20:59:51,556 1 DEBUG OSGi.NET.Core.Bundle OSGi.NET.Core.Bundle.LoadMetaData(D:\gitLib\OSGi.NET\OSGi.NET Client\OSGi.NET\Core\Bundle.cs:199) f :  模块读取元数据信息！[CachePlugin]
2019-11-06 20:59:51,585 1 DEBUG OSGi.NET.Core.Bundle OSGi.NET.Core.Bundle.LoadMetaData(D:\gitLib\OSGi.NET\OSGi.NET Client\OSGi.NET\Core\Bundle.cs:199) f :  模块读取元数据信息！[DBPlugin]
2019-11-06 20:59:51,624 1 DEBUG OSGi.NET.Core.Root.Framework OSGi.NET.Core.Root.Framework.Init(D:\gitLib\OSGi.NET\OSGi.NET Client\OSGi.NET\Core\Root\Framework.cs:196) f :  框架初始化结束！
2019-11-06 20:59:51,625 1 DEBUG OSGi.NET.Core.Root.Framework OSGi.NET.Core.Root.Framework.Start(D:\gitLib\OSGi.NET\OSGi.NET Client\OSGi.NET\Core\Root\Framework.cs:375) f :  框架启动开始！
2019-11-06 20:59:51,627 1 DEBUG OSGi.NET.Core.Bundle OSGi.NET.Core.Bundle.Start(D:\gitLib\OSGi.NET\OSGi.NET Client\OSGi.NET\Core\Bundle.cs:255) f :  模块LogPlugin启动开始！
2019-11-06 20:59:51,628 1 DEBUG OSGi.NET.Core.Bundle OSGi.NET.Core.Bundle.Resolve(D:\gitLib\OSGi.NET\OSGi.NET Client\OSGi.NET\Core\Bundle.cs:401) f :  模块LogPlugin加载开始！
2019-11-06 20:59:51,631 1 DEBUG OSGi.NET.Core.Bundle OSGi.NET.Core.Bundle.LoadRequiredBundle(D:\gitLib\OSGi.NET\OSGi.NET Client\OSGi.NET\Core\Bundle.cs:427) f :  加载相关依赖模块！
2019-11-06 20:59:51,636 1 DEBUG OSGi.NET.Core.Bundle OSGi.NET.Core.Bundle.LoadAssemblys(D:\gitLib\OSGi.NET\OSGi.NET Client\OSGi.NET\Core\Bundle.cs:503) f :  模块加载自身程序集！
2019-11-06 20:59:51,672 1 DEBUG OSGi.NET.Core.Bundle OSGi.NET.Core.Bundle.LoadAssemblys(D:\gitLib\OSGi.NET\OSGi.NET Client\OSGi.NET\Core\Bundle.cs:548) f :  模块关联共享库程序集[log4net]！
2019-11-06 20:59:51,908 1 DEBUG OSGi.NET.Core.Bundle OSGi.NET.Core.Bundle.LoadActivator(D:\gitLib\OSGi.NET\OSGi.NET Client\OSGi.NET\Core\Bundle.cs:603) f :  模块搜索激活器！
2019-11-06 20:59:51,909 1 DEBUG OSGi.NET.Core.Bundle OSGi.NET.Core.Bundle.Resolve(D:\gitLib\OSGi.NET\OSGi.NET Client\OSGi.NET\Core\Bundle.cs:418) f :  模块LogPlugin加载结束！
2019-11-06 20:59:51,909 1 DEBUG OSGi.NET.Core.Bundle OSGi.NET.Core.Bundle.Start(D:\gitLib\OSGi.NET\OSGi.NET Client\OSGi.NET\Core\Bundle.cs:281) f :  激活器启动！
2019-11-06 20:59:51,912 1 DEBUG LogPlugin.Class1 LogPlugin.Class1.Start(:0) f :  LogPlugin Started!
2019-11-06 20:59:51,912 1 DEBUG OSGi.NET.Core.Bundle OSGi.NET.Core.Bundle.Start(D:\gitLib\OSGi.NET\OSGi.NET Client\OSGi.NET\Core\Bundle.cs:286) f :  加载扩展点数据！
2019-11-06 20:59:51,915 1 DEBUG OSGi.NET.Core.Bundle OSGi.NET.Core.Bundle.LoadExtensions(D:\gitLib\OSGi.NET\OSGi.NET Client\OSGi.NET\Core\Bundle.cs:311) f :  扩展点加载开始！
2019-11-06 20:59:51,919 1 DEBUG OSGi.NET.Core.Bundle OSGi.NET.Core.Bundle.LoadExtensions(D:\gitLib\OSGi.NET\OSGi.NET Client\OSGi.NET\Core\Bundle.cs:388) f :  扩展点加载结束！
2019-11-06 20:59:51,920 1 DEBUG OSGi.NET.Core.Bundle OSGi.NET.Core.Bundle.Start(D:\gitLib\OSGi.NET\OSGi.NET Client\OSGi.NET\Core\Bundle.cs:302) f :  模块LogPlugin启动结束！
2019-11-06 20:59:51,920 1 DEBUG OSGi.NET.Core.Bundle OSGi.NET.Core.Bundle.Start(D:\gitLib\OSGi.NET\OSGi.NET Client\OSGi.NET\Core\Bundle.cs:255) f :  模块CachePlugin启动开始！
2019-11-06 20:59:51,920 1 DEBUG OSGi.NET.Core.Bundle OSGi.NET.Core.Bundle.Resolve(D:\gitLib\OSGi.NET\OSGi.NET Client\OSGi.NET\Core\Bundle.cs:401) f :  模块CachePlugin加载开始！
2019-11-06 20:59:51,921 1 DEBUG OSGi.NET.Core.Bundle OSGi.NET.Core.Bundle.LoadRequiredBundle(D:\gitLib\OSGi.NET\OSGi.NET Client\OSGi.NET\Core\Bundle.cs:427) f :  加载相关依赖模块！
2019-11-06 20:59:51,921 1 DEBUG OSGi.NET.Core.Bundle OSGi.NET.Core.Bundle.LoadAssemblys(D:\gitLib\OSGi.NET\OSGi.NET Client\OSGi.NET\Core\Bundle.cs:503) f :  模块加载自身程序集！
2019-11-06 20:59:51,922 1 DEBUG OSGi.NET.Core.Bundle OSGi.NET.Core.Bundle.LoadAssemblys(D:\gitLib\OSGi.NET\OSGi.NET Client\OSGi.NET\Core\Bundle.cs:533) f :  模块关联引用模块[LogPlugin]！
2019-11-06 20:59:51,923 1 DEBUG OSGi.NET.Core.Bundle OSGi.NET.Core.Bundle.LoadAssemblys(D:\gitLib\OSGi.NET\OSGi.NET Client\OSGi.NET\Core\Bundle.cs:548) f :  模块关联共享库程序集[log4net]！
2019-11-06 20:59:51,929 1 DEBUG OSGi.NET.Core.Bundle OSGi.NET.Core.Bundle.LoadActivator(D:\gitLib\OSGi.NET\OSGi.NET Client\OSGi.NET\Core\Bundle.cs:603) f :  模块搜索激活器！
2019-11-06 20:59:51,930 1 DEBUG OSGi.NET.Core.Bundle OSGi.NET.Core.Bundle.Resolve(D:\gitLib\OSGi.NET\OSGi.NET Client\OSGi.NET\Core\Bundle.cs:418) f :  模块CachePlugin加载结束！
2019-11-06 20:59:51,930 1 DEBUG OSGi.NET.Core.Bundle OSGi.NET.Core.Bundle.Start(D:\gitLib\OSGi.NET\OSGi.NET Client\OSGi.NET\Core\Bundle.cs:281) f :  激活器启动！
2019-11-06 20:59:51,967 1 DEBUG OSGi.NET.Core.Bundle OSGi.NET.Core.Bundle.Start(D:\gitLib\OSGi.NET\OSGi.NET Client\OSGi.NET\Core\Bundle.cs:297) f :  模块CachePlugin启动失败！
2019-11-06 20:59:51,974 1 ERROR OSGi.NET.Core.Root.Framework OSGi.NET.Core.Root.Framework.Start(D:\gitLib\OSGi.NET\OSGi.NET Client\OSGi.NET\Core\Root\Framework.cs:409) f :  启动插件[Bundle[AssemblyName:CachePlugin, Version=1.0.0.0, Culture=neutral, PublicKeyToken=null,SymbolicName:CachePlugin,Version:1.0.0.0]]时出现异常
System.NullReferenceException: 未将对象引用设置到对象的实例。
   在 OSGi.NET.Core.Bundle.Start() 位置 D:\gitLib\OSGi.NET\OSGi.NET Client\OSGi.NET\Core\Bundle.cs:行号 298
   在 OSGi.NET.Core.Root.Framework.Start() 位置 D:\gitLib\OSGi.NET\OSGi.NET Client\OSGi.NET\Core\Root\Framework.cs:行号 405
2019-11-06 20:59:51,981 1 DEBUG OSGi.NET.Core.Bundle OSGi.NET.Core.Bundle.Start(D:\gitLib\OSGi.NET\OSGi.NET Client\OSGi.NET\Core\Bundle.cs:255) f :  模块DBPlugin启动开始！
2019-11-06 20:59:51,981 1 DEBUG OSGi.NET.Core.Bundle OSGi.NET.Core.Bundle.Resolve(D:\gitLib\OSGi.NET\OSGi.NET Client\OSGi.NET\Core\Bundle.cs:401) f :  模块DBPlugin加载开始！
2019-11-06 20:59:51,981 1 DEBUG OSGi.NET.Core.Bundle OSGi.NET.Core.Bundle.LoadRequiredBundle(D:\gitLib\OSGi.NET\OSGi.NET Client\OSGi.NET\Core\Bundle.cs:427) f :  加载相关依赖模块！
2019-11-06 20:59:51,982 1 DEBUG OSGi.NET.Core.Bundle OSGi.NET.Core.Bundle.LoadAssemblys(D:\gitLib\OSGi.NET\OSGi.NET Client\OSGi.NET\Core\Bundle.cs:503) f :  模块加载自身程序集！
2019-11-06 20:59:51,982 1 DEBUG OSGi.NET.Core.Bundle OSGi.NET.Core.Bundle.LoadAssemblys(D:\gitLib\OSGi.NET\OSGi.NET Client\OSGi.NET\Core\Bundle.cs:533) f :  模块关联引用模块[LogPlugin]！
2019-11-06 20:59:51,983 1 DEBUG OSGi.NET.Core.Bundle OSGi.NET.Core.Bundle.LoadAssemblys(D:\gitLib\OSGi.NET\OSGi.NET Client\OSGi.NET\Core\Bundle.cs:548) f :  模块关联共享库程序集[log4net]！
2019-11-06 20:59:51,990 1 DEBUG OSGi.NET.Core.Bundle OSGi.NET.Core.Bundle.LoadActivator(D:\gitLib\OSGi.NET\OSGi.NET Client\OSGi.NET\Core\Bundle.cs:603) f :  模块搜索激活器！
2019-11-06 20:59:51,991 1 DEBUG OSGi.NET.Core.Bundle OSGi.NET.Core.Bundle.Resolve(D:\gitLib\OSGi.NET\OSGi.NET Client\OSGi.NET\Core\Bundle.cs:418) f :  模块DBPlugin加载结束！
2019-11-06 20:59:51,991 1 DEBUG OSGi.NET.Core.Bundle OSGi.NET.Core.Bundle.Start(D:\gitLib\OSGi.NET\OSGi.NET Client\OSGi.NET\Core\Bundle.cs:281) f :  激活器启动！
2019-11-06 20:59:51,998 1 DEBUG OSGi.NET.Core.Bundle OSGi.NET.Core.Bundle.Start(D:\gitLib\OSGi.NET\OSGi.NET Client\OSGi.NET\Core\Bundle.cs:297) f :  模块DBPlugin启动失败！
2019-11-06 20:59:52,004 1 ERROR OSGi.NET.Core.Root.Framework OSGi.NET.Core.Root.Framework.Start(D:\gitLib\OSGi.NET\OSGi.NET Client\OSGi.NET\Core\Root\Framework.cs:409) f :  启动插件[Bundle[AssemblyName:DBPlugin, Version=1.0.0.0, Culture=neutral, PublicKeyToken=null,SymbolicName:DBPlugin,Version:1.0.0.0]]时出现异常
System.NullReferenceException: 未将对象引用设置到对象的实例。
   在 OSGi.NET.Core.Bundle.Start() 位置 D:\gitLib\OSGi.NET\OSGi.NET Client\OSGi.NET\Core\Bundle.cs:行号 298
   在 OSGi.NET.Core.Root.Framework.Start() 位置 D:\gitLib\OSGi.NET\OSGi.NET Client\OSGi.NET\Core\Root\Framework.cs:行号 405
2019-11-06 20:59:52,005 1 DEBUG OSGi.NET.Core.Root.Framework OSGi.NET.Core.Root.Framework.Start(D:\gitLib\OSGi.NET\OSGi.NET Client\OSGi.NET\Core\Root\Framework.cs:418) f :  框架启动完成！
2019-11-06 21:01:39,300 1 DEBUG OSGi.NET.Core.Root.Framework OSGi.NET.Core.Root.Framework.LoadMetaData(D:\gitLib\OSGi.NET\OSGi.NET Client\OSGi.NET\Core\Root\Framework.cs:210) f :  框架读取元数据信息！
2019-11-06 21:01:39,366 1 DEBUG OSGi.NET.Core.Root.Framework OSGi.NET.Core.Root.Framework.Init(D:\gitLib\OSGi.NET\OSGi.NET Client\OSGi.NET\Core\Root\Framework.cs:177) f :  框架初始化开始！
2019-11-06 21:01:39,367 1 DEBUG OSGi.NET.Core.Root.Framework OSGi.NET.Core.Root.Framework.ReadConfig(D:\gitLib\OSGi.NET\OSGi.NET Client\OSGi.NET\Core\Root\Framework.cs:231) f :  框架读取配置！
2019-11-06 21:01:39,373 1 DEBUG OSGi.NET.Core.Root.Framework OSGi.NET.Core.Root.Framework.LoadShareAssemblys(D:\gitLib\OSGi.NET\OSGi.NET Client\OSGi.NET\Core\Root\Framework.cs:249) f :  框架加载共享程序集！
2019-11-06 21:01:39,379 1 DEBUG OSGi.NET.Core.Root.Framework OSGi.NET.Core.Root.Framework.DomainAssemblyInsertShareLib(D:\gitLib\OSGi.NET\OSGi.NET Client\OSGi.NET\Core\Root\Framework.cs:323) f :  框架关联共享程序集[Project]！
2019-11-06 21:01:39,381 1 DEBUG OSGi.NET.Core.Root.Framework OSGi.NET.Core.Root.Framework.DomainAssemblyInsertShareLib(D:\gitLib\OSGi.NET\OSGi.NET Client\OSGi.NET\Core\Root\Framework.cs:323) f :  框架关联共享程序集[log4net]！
2019-11-06 21:01:39,383 1 DEBUG OSGi.NET.Core.Root.Framework OSGi.NET.Core.Root.Framework.DiscoverBundles(D:\gitLib\OSGi.NET\OSGi.NET Client\OSGi.NET\Core\Root\Framework.cs:336) f :  框架读取模块信息！
2019-11-06 21:01:39,417 1 DEBUG OSGi.NET.Core.Bundle OSGi.NET.Core.Bundle.LoadMetaData(D:\gitLib\OSGi.NET\OSGi.NET Client\OSGi.NET\Core\Bundle.cs:199) f :  模块读取元数据信息！[LogPlugin]
2019-11-06 21:01:39,500 1 DEBUG OSGi.NET.Core.Bundle OSGi.NET.Core.Bundle.LoadMetaData(D:\gitLib\OSGi.NET\OSGi.NET Client\OSGi.NET\Core\Bundle.cs:199) f :  模块读取元数据信息！[CachePlugin]
2019-11-06 21:01:39,535 1 DEBUG OSGi.NET.Core.Bundle OSGi.NET.Core.Bundle.LoadMetaData(D:\gitLib\OSGi.NET\OSGi.NET Client\OSGi.NET\Core\Bundle.cs:199) f :  模块读取元数据信息！[DBPlugin]
2019-11-06 21:01:39,593 1 DEBUG OSGi.NET.Core.Root.Framework OSGi.NET.Core.Root.Framework.Init(D:\gitLib\OSGi.NET\OSGi.NET Client\OSGi.NET\Core\Root\Framework.cs:196) f :  框架初始化结束！
2019-11-06 21:01:39,594 1 DEBUG OSGi.NET.Core.Root.Framework OSGi.NET.Core.Root.Framework.Start(D:\gitLib\OSGi.NET\OSGi.NET Client\OSGi.NET\Core\Root\Framework.cs:375) f :  框架启动开始！
2019-11-06 21:01:39,596 1 DEBUG OSGi.NET.Core.Bundle OSGi.NET.Core.Bundle.Start(D:\gitLib\OSGi.NET\OSGi.NET Client\OSGi.NET\Core\Bundle.cs:255) f :  模块LogPlugin启动开始！
2019-11-06 21:01:39,597 1 DEBUG OSGi.NET.Core.Bundle OSGi.NET.Core.Bundle.Resolve(D:\gitLib\OSGi.NET\OSGi.NET Client\OSGi.NET\Core\Bundle.cs:401) f :  模块LogPlugin加载开始！
2019-11-06 21:01:39,601 1 DEBUG OSGi.NET.Core.Bundle OSGi.NET.Core.Bundle.LoadRequiredBundle(D:\gitLib\OSGi.NET\OSGi.NET Client\OSGi.NET\Core\Bundle.cs:427) f :  加载相关依赖模块！
2019-11-06 21:01:39,610 1 DEBUG OSGi.NET.Core.Bundle OSGi.NET.Core.Bundle.LoadAssemblys(D:\gitLib\OSGi.NET\OSGi.NET Client\OSGi.NET\Core\Bundle.cs:503) f :  模块加载自身程序集！
2019-11-06 21:01:39,662 1 DEBUG OSGi.NET.Core.Bundle OSGi.NET.Core.Bundle.LoadAssemblys(D:\gitLib\OSGi.NET\OSGi.NET Client\OSGi.NET\Core\Bundle.cs:548) f :  模块关联共享库程序集[log4net]！
2019-11-06 21:01:40,007 1 DEBUG OSGi.NET.Core.Bundle OSGi.NET.Core.Bundle.LoadActivator(D:\gitLib\OSGi.NET\OSGi.NET Client\OSGi.NET\Core\Bundle.cs:603) f :  模块搜索激活器！
2019-11-06 21:01:40,009 1 DEBUG OSGi.NET.Core.Bundle OSGi.NET.Core.Bundle.Resolve(D:\gitLib\OSGi.NET\OSGi.NET Client\OSGi.NET\Core\Bundle.cs:418) f :  模块LogPlugin加载结束！
2019-11-06 21:01:40,010 1 DEBUG OSGi.NET.Core.Bundle OSGi.NET.Core.Bundle.Start(D:\gitLib\OSGi.NET\OSGi.NET Client\OSGi.NET\Core\Bundle.cs:281) f :  激活器启动！
2019-11-06 21:01:40,386 1 DEBUG LogPlugin.Class1 LogPlugin.Class1.Start(:0) f :  LogPlugin Started!
2019-11-06 21:01:40,386 1 DEBUG OSGi.NET.Core.Bundle OSGi.NET.Core.Bundle.Start(D:\gitLib\OSGi.NET\OSGi.NET Client\OSGi.NET\Core\Bundle.cs:286) f :  加载扩展点数据！
2019-11-06 21:01:40,389 1 DEBUG OSGi.NET.Core.Bundle OSGi.NET.Core.Bundle.LoadExtensions(D:\gitLib\OSGi.NET\OSGi.NET Client\OSGi.NET\Core\Bundle.cs:311) f :  扩展点加载开始！
2019-11-06 21:01:40,393 1 DEBUG OSGi.NET.Core.Bundle OSGi.NET.Core.Bundle.LoadExtensions(D:\gitLib\OSGi.NET\OSGi.NET Client\OSGi.NET\Core\Bundle.cs:388) f :  扩展点加载结束！
2019-11-06 21:01:40,394 1 DEBUG OSGi.NET.Core.Bundle OSGi.NET.Core.Bundle.Start(D:\gitLib\OSGi.NET\OSGi.NET Client\OSGi.NET\Core\Bundle.cs:302) f :  模块LogPlugin启动结束！
2019-11-06 21:01:40,394 1 DEBUG OSGi.NET.Core.Bundle OSGi.NET.Core.Bundle.Start(D:\gitLib\OSGi.NET\OSGi.NET Client\OSGi.NET\Core\Bundle.cs:255) f :  模块CachePlugin启动开始！
2019-11-06 21:01:40,394 1 DEBUG OSGi.NET.Core.Bundle OSGi.NET.Core.Bundle.Resolve(D:\gitLib\OSGi.NET\OSGi.NET Client\OSGi.NET\Core\Bundle.cs:401) f :  模块CachePlugin加载开始！
2019-11-06 21:01:40,395 1 DEBUG OSGi.NET.Core.Bundle OSGi.NET.Core.Bundle.LoadRequiredBundle(D:\gitLib\OSGi.NET\OSGi.NET Client\OSGi.NET\Core\Bundle.cs:427) f :  加载相关依赖模块！
2019-11-06 21:01:40,395 1 DEBUG OSGi.NET.Core.Bundle OSGi.NET.Core.Bundle.LoadAssemblys(D:\gitLib\OSGi.NET\OSGi.NET Client\OSGi.NET\Core\Bundle.cs:503) f :  模块加载自身程序集！
2019-11-06 21:01:40,396 1 DEBUG OSGi.NET.Core.Bundle OSGi.NET.Core.Bundle.LoadAssemblys(D:\gitLib\OSGi.NET\OSGi.NET Client\OSGi.NET\Core\Bundle.cs:533) f :  模块关联引用模块[LogPlugin]！
2019-11-06 21:01:40,397 1 DEBUG OSGi.NET.Core.Bundle OSGi.NET.Core.Bundle.LoadAssemblys(D:\gitLib\OSGi.NET\OSGi.NET Client\OSGi.NET\Core\Bundle.cs:548) f :  模块关联共享库程序集[log4net]！
2019-11-06 21:01:40,404 1 DEBUG OSGi.NET.Core.Bundle OSGi.NET.Core.Bundle.LoadActivator(D:\gitLib\OSGi.NET\OSGi.NET Client\OSGi.NET\Core\Bundle.cs:603) f :  模块搜索激活器！
2019-11-06 21:01:40,404 1 DEBUG OSGi.NET.Core.Bundle OSGi.NET.Core.Bundle.Resolve(D:\gitLib\OSGi.NET\OSGi.NET Client\OSGi.NET\Core\Bundle.cs:418) f :  模块CachePlugin加载结束！
2019-11-06 21:01:40,405 1 DEBUG OSGi.NET.Core.Bundle OSGi.NET.Core.Bundle.Start(D:\gitLib\OSGi.NET\OSGi.NET Client\OSGi.NET\Core\Bundle.cs:281) f :  激活器启动！
2019-11-06 21:01:40,455 1 DEBUG OSGi.NET.Core.Bundle OSGi.NET.Core.Bundle.Start(D:\gitLib\OSGi.NET\OSGi.NET Client\OSGi.NET\Core\Bundle.cs:297) f :  模块CachePlugin启动失败！
2019-11-06 21:01:40,464 1 ERROR OSGi.NET.Core.Root.Framework OSGi.NET.Core.Root.Framework.Start(D:\gitLib\OSGi.NET\OSGi.NET Client\OSGi.NET\Core\Root\Framework.cs:409) f :  启动插件[Bundle[AssemblyName:CachePlugin, Version=1.0.0.0, Culture=neutral, PublicKeyToken=null,SymbolicName:CachePlugin,Version:1.0.0.0]]时出现异常
System.NullReferenceException: 未将对象引用设置到对象的实例。
   在 OSGi.NET.Core.Bundle.Start() 位置 D:\gitLib\OSGi.NET\OSGi.NET Client\OSGi.NET\Core\Bundle.cs:行号 298
   在 OSGi.NET.Core.Root.Framework.Start() 位置 D:\gitLib\OSGi.NET\OSGi.NET Client\OSGi.NET\Core\Root\Framework.cs:行号 405
2019-11-06 21:01:40,472 1 DEBUG OSGi.NET.Core.Bundle OSGi.NET.Core.Bundle.Start(D:\gitLib\OSGi.NET\OSGi.NET Client\OSGi.NET\Core\Bundle.cs:255) f :  模块DBPlugin启动开始！
2019-11-06 21:01:40,473 1 DEBUG OSGi.NET.Core.Bundle OSGi.NET.Core.Bundle.Resolve(D:\gitLib\OSGi.NET\OSGi.NET Client\OSGi.NET\Core\Bundle.cs:401) f :  模块DBPlugin加载开始！
2019-11-06 21:01:40,473 1 DEBUG OSGi.NET.Core.Bundle OSGi.NET.Core.Bundle.LoadRequiredBundle(D:\gitLib\OSGi.NET\OSGi.NET Client\OSGi.NET\Core\Bundle.cs:427) f :  加载相关依赖模块！
2019-11-06 21:01:40,473 1 DEBUG OSGi.NET.Core.Bundle OSGi.NET.Core.Bundle.LoadAssemblys(D:\gitLib\OSGi.NET\OSGi.NET Client\OSGi.NET\Core\Bundle.cs:503) f :  模块加载自身程序集！
2019-11-06 21:01:40,474 1 DEBUG OSGi.NET.Core.Bundle OSGi.NET.Core.Bundle.LoadAssemblys(D:\gitLib\OSGi.NET\OSGi.NET Client\OSGi.NET\Core\Bundle.cs:533) f :  模块关联引用模块[LogPlugin]！
2019-11-06 21:01:40,475 1 DEBUG OSGi.NET.Core.Bundle OSGi.NET.Core.Bundle.LoadAssemblys(D:\gitLib\OSGi.NET\OSGi.NET Client\OSGi.NET\Core\Bundle.cs:548) f :  模块关联共享库程序集[log4net]！
2019-11-06 21:01:40,483 1 DEBUG OSGi.NET.Core.Bundle OSGi.NET.Core.Bundle.LoadActivator(D:\gitLib\OSGi.NET\OSGi.NET Client\OSGi.NET\Core\Bundle.cs:603) f :  模块搜索激活器！
2019-11-06 21:01:40,484 1 DEBUG OSGi.NET.Core.Bundle OSGi.NET.Core.Bundle.Resolve(D:\gitLib\OSGi.NET\OSGi.NET Client\OSGi.NET\Core\Bundle.cs:418) f :  模块DBPlugin加载结束！
2019-11-06 21:01:40,484 1 DEBUG OSGi.NET.Core.Bundle OSGi.NET.Core.Bundle.Start(D:\gitLib\OSGi.NET\OSGi.NET Client\OSGi.NET\Core\Bundle.cs:281) f :  激活器启动！
2019-11-06 21:01:40,495 1 DEBUG OSGi.NET.Core.Bundle OSGi.NET.Core.Bundle.Start(D:\gitLib\OSGi.NET\OSGi.NET Client\OSGi.NET\Core\Bundle.cs:297) f :  模块DBPlugin启动失败！
2019-11-06 21:01:40,502 1 ERROR OSGi.NET.Core.Root.Framework OSGi.NET.Core.Root.Framework.Start(D:\gitLib\OSGi.NET\OSGi.NET Client\OSGi.NET\Core\Root\Framework.cs:409) f :  启动插件[Bundle[AssemblyName:DBPlugin, Version=1.0.0.0, Culture=neutral, PublicKeyToken=null,SymbolicName:DBPlugin,Version:1.0.0.0]]时出现异常
System.NullReferenceException: 未将对象引用设置到对象的实例。
   在 OSGi.NET.Core.Bundle.Start() 位置 D:\gitLib\OSGi.NET\OSGi.NET Client\OSGi.NET\Core\Bundle.cs:行号 298
   在 OSGi.NET.Core.Root.Framework.Start() 位置 D:\gitLib\OSGi.NET\OSGi.NET Client\OSGi.NET\Core\Root\Framework.cs:行号 405
2019-11-06 21:01:40,503 1 DEBUG OSGi.NET.Core.Root.Framework OSGi.NET.Core.Root.Framework.Start(D:\gitLib\OSGi.NET\OSGi.NET Client\OSGi.NET\Core\Root\Framework.cs:418) f :  框架启动完成！
2019-11-06 21:02:10,887 1 DEBUG OSGi.NET.Core.Root.Framework OSGi.NET.Core.Root.Framework.LoadMetaData(D:\gitLib\OSGi.NET\OSGi.NET Client\OSGi.NET\Core\Root\Framework.cs:210) f :  框架读取元数据信息！
2019-11-06 21:02:10,929 1 DEBUG OSGi.NET.Core.Root.Framework OSGi.NET.Core.Root.Framework.Init(D:\gitLib\OSGi.NET\OSGi.NET Client\OSGi.NET\Core\Root\Framework.cs:177) f :  框架初始化开始！
2019-11-06 21:02:10,931 1 DEBUG OSGi.NET.Core.Root.Framework OSGi.NET.Core.Root.Framework.ReadConfig(D:\gitLib\OSGi.NET\OSGi.NET Client\OSGi.NET\Core\Root\Framework.cs:231) f :  框架读取配置！
2019-11-06 21:02:10,936 1 DEBUG OSGi.NET.Core.Root.Framework OSGi.NET.Core.Root.Framework.LoadShareAssemblys(D:\gitLib\OSGi.NET\OSGi.NET Client\OSGi.NET\Core\Root\Framework.cs:249) f :  框架加载共享程序集！
2019-11-06 21:02:10,941 1 DEBUG OSGi.NET.Core.Root.Framework OSGi.NET.Core.Root.Framework.DomainAssemblyInsertShareLib(D:\gitLib\OSGi.NET\OSGi.NET Client\OSGi.NET\Core\Root\Framework.cs:323) f :  框架关联共享程序集[Project]！
2019-11-06 21:02:10,941 1 DEBUG OSGi.NET.Core.Root.Framework OSGi.NET.Core.Root.Framework.DomainAssemblyInsertShareLib(D:\gitLib\OSGi.NET\OSGi.NET Client\OSGi.NET\Core\Root\Framework.cs:323) f :  框架关联共享程序集[log4net]！
2019-11-06 21:02:10,943 1 DEBUG OSGi.NET.Core.Root.Framework OSGi.NET.Core.Root.Framework.DiscoverBundles(D:\gitLib\OSGi.NET\OSGi.NET Client\OSGi.NET\Core\Root\Framework.cs:336) f :  框架读取模块信息！
2019-11-06 21:02:10,964 1 DEBUG OSGi.NET.Core.Bundle OSGi.NET.Core.Bundle.LoadMetaData(D:\gitLib\OSGi.NET\OSGi.NET Client\OSGi.NET\Core\Bundle.cs:199) f :  模块读取元数据信息！[LogPlugin]
2019-11-06 21:02:11,039 1 DEBUG OSGi.NET.Core.Bundle OSGi.NET.Core.Bundle.LoadMetaData(D:\gitLib\OSGi.NET\OSGi.NET Client\OSGi.NET\Core\Bundle.cs:199) f :  模块读取元数据信息！[CachePlugin]
2019-11-06 21:02:11,100 1 DEBUG OSGi.NET.Core.Bundle OSGi.NET.Core.Bundle.LoadMetaData(D:\gitLib\OSGi.NET\OSGi.NET Client\OSGi.NET\Core\Bundle.cs:199) f :  模块读取元数据信息！[DBPlugin]
2019-11-06 21:02:11,129 1 DEBUG OSGi.NET.Core.Root.Framework OSGi.NET.Core.Root.Framework.Init(D:\gitLib\OSGi.NET\OSGi.NET Client\OSGi.NET\Core\Root\Framework.cs:196) f :  框架初始化结束！
2019-11-06 21:02:11,130 1 DEBUG OSGi.NET.Core.Root.Framework OSGi.NET.Core.Root.Framework.Start(D:\gitLib\OSGi.NET\OSGi.NET Client\OSGi.NET\Core\Root\Framework.cs:375) f :  框架启动开始！
2019-11-06 21:02:11,131 1 DEBUG OSGi.NET.Core.Bundle OSGi.NET.Core.Bundle.Start(D:\gitLib\OSGi.NET\OSGi.NET Client\OSGi.NET\Core\Bundle.cs:255) f :  模块LogPlugin启动开始！
2019-11-06 21:02:11,132 1 DEBUG OSGi.NET.Core.Bundle OSGi.NET.Core.Bundle.Resolve(D:\gitLib\OSGi.NET\OSGi.NET Client\OSGi.NET\Core\Bundle.cs:401) f :  模块LogPlugin加载开始！
2019-11-06 21:02:11,135 1 DEBUG OSGi.NET.Core.Bundle OSGi.NET.Core.Bundle.LoadRequiredBundle(D:\gitLib\OSGi.NET\OSGi.NET Client\OSGi.NET\Core\Bundle.cs:427) f :  加载相关依赖模块！
2019-11-06 21:02:11,144 1 DEBUG OSGi.NET.Core.Bundle OSGi.NET.Core.Bundle.LoadAssemblys(D:\gitLib\OSGi.NET\OSGi.NET Client\OSGi.NET\Core\Bundle.cs:503) f :  模块加载自身程序集！
2019-11-06 21:02:11,187 1 DEBUG OSGi.NET.Core.Bundle OSGi.NET.Core.Bundle.LoadAssemblys(D:\gitLib\OSGi.NET\OSGi.NET Client\OSGi.NET\Core\Bundle.cs:548) f :  模块关联共享库程序集[log4net]！
2019-11-06 21:02:11,550 1 DEBUG OSGi.NET.Core.Bundle OSGi.NET.Core.Bundle.LoadActivator(D:\gitLib\OSGi.NET\OSGi.NET Client\OSGi.NET\Core\Bundle.cs:603) f :  模块搜索激活器！
2019-11-06 21:02:11,551 1 DEBUG OSGi.NET.Core.Bundle OSGi.NET.Core.Bundle.Resolve(D:\gitLib\OSGi.NET\OSGi.NET Client\OSGi.NET\Core\Bundle.cs:418) f :  模块LogPlugin加载结束！
2019-11-06 21:02:11,552 1 DEBUG OSGi.NET.Core.Bundle OSGi.NET.Core.Bundle.Start(D:\gitLib\OSGi.NET\OSGi.NET Client\OSGi.NET\Core\Bundle.cs:281) f :  激活器启动！
2019-11-06 21:02:11,557 1 DEBUG LogPlugin.Class1 LogPlugin.Class1.Start(:0) f :  LogPlugin Started!
2019-11-06 21:02:11,558 1 DEBUG OSGi.NET.Core.Bundle OSGi.NET.Core.Bundle.Start(D:\gitLib\OSGi.NET\OSGi.NET Client\OSGi.NET\Core\Bundle.cs:286) f :  加载扩展点数据！
2019-11-06 21:02:11,562 1 DEBUG OSGi.NET.Core.Bundle OSGi.NET.Core.Bundle.LoadExtensions(D:\gitLib\OSGi.NET\OSGi.NET Client\OSGi.NET\Core\Bundle.cs:311) f :  扩展点加载开始！
2019-11-06 21:02:11,566 1 DEBUG OSGi.NET.Core.Bundle OSGi.NET.Core.Bundle.LoadExtensions(D:\gitLib\OSGi.NET\OSGi.NET Client\OSGi.NET\Core\Bundle.cs:388) f :  扩展点加载结束！
2019-11-06 21:02:11,567 1 DEBUG OSGi.NET.Core.Bundle OSGi.NET.Core.Bundle.Start(D:\gitLib\OSGi.NET\OSGi.NET Client\OSGi.NET\Core\Bundle.cs:302) f :  模块LogPlugin启动结束！
2019-11-06 21:02:11,567 1 DEBUG OSGi.NET.Core.Bundle OSGi.NET.Core.Bundle.Start(D:\gitLib\OSGi.NET\OSGi.NET Client\OSGi.NET\Core\Bundle.cs:255) f :  模块CachePlugin启动开始！
2019-11-06 21:02:11,567 1 DEBUG OSGi.NET.Core.Bundle OSGi.NET.Core.Bundle.Resolve(D:\gitLib\OSGi.NET\OSGi.NET Client\OSGi.NET\Core\Bundle.cs:401) f :  模块CachePlugin加载开始！
2019-11-06 21:02:11,568 1 DEBUG OSGi.NET.Core.Bundle OSGi.NET.Core.Bundle.LoadRequiredBundle(D:\gitLib\OSGi.NET\OSGi.NET Client\OSGi.NET\Core\Bundle.cs:427) f :  加载相关依赖模块！
2019-11-06 21:02:11,568 1 DEBUG OSGi.NET.Core.Bundle OSGi.NET.Core.Bundle.LoadAssemblys(D:\gitLib\OSGi.NET\OSGi.NET Client\OSGi.NET\Core\Bundle.cs:503) f :  模块加载自身程序集！
2019-11-06 21:02:11,569 1 DEBUG OSGi.NET.Core.Bundle OSGi.NET.Core.Bundle.LoadAssemblys(D:\gitLib\OSGi.NET\OSGi.NET Client\OSGi.NET\Core\Bundle.cs:533) f :  模块关联引用模块[LogPlugin]！
2019-11-06 21:02:11,570 1 DEBUG OSGi.NET.Core.Bundle OSGi.NET.Core.Bundle.LoadAssemblys(D:\gitLib\OSGi.NET\OSGi.NET Client\OSGi.NET\Core\Bundle.cs:548) f :  模块关联共享库程序集[log4net]！
2019-11-06 21:02:11,576 1 DEBUG OSGi.NET.Core.Bundle OSGi.NET.Core.Bundle.LoadActivator(D:\gitLib\OSGi.NET\OSGi.NET Client\OSGi.NET\Core\Bundle.cs:603) f :  模块搜索激活器！
2019-11-06 21:02:11,576 1 DEBUG OSGi.NET.Core.Bundle OSGi.NET.Core.Bundle.Resolve(D:\gitLib\OSGi.NET\OSGi.NET Client\OSGi.NET\Core\Bundle.cs:418) f :  模块CachePlugin加载结束！
2019-11-06 21:02:11,577 1 DEBUG OSGi.NET.Core.Bundle OSGi.NET.Core.Bundle.Start(D:\gitLib\OSGi.NET\OSGi.NET Client\OSGi.NET\Core\Bundle.cs:281) f :  激活器启动！
2019-11-06 21:02:11,618 1 DEBUG OSGi.NET.Core.Bundle OSGi.NET.Core.Bundle.Start(D:\gitLib\OSGi.NET\OSGi.NET Client\OSGi.NET\Core\Bundle.cs:297) f :  模块CachePlugin启动失败！
2019-11-06 21:02:11,626 1 ERROR OSGi.NET.Core.Root.Framework OSGi.NET.Core.Root.Framework.Start(D:\gitLib\OSGi.NET\OSGi.NET Client\OSGi.NET\Core\Root\Framework.cs:409) f :  启动插件[Bundle[AssemblyName:CachePlugin, Version=1.0.0.0, Culture=neutral, PublicKeyToken=null,SymbolicName:CachePlugin,Version:1.0.0.0]]时出现异常
System.NullReferenceException: 未将对象引用设置到对象的实例。
   在 OSGi.NET.Core.Bundle.Start() 位置 D:\gitLib\OSGi.NET\OSGi.NET Client\OSGi.NET\Core\Bundle.cs:行号 298
   在 OSGi.NET.Core.Root.Framework.Start() 位置 D:\gitLib\OSGi.NET\OSGi.NET Client\OSGi.NET\Core\Root\Framework.cs:行号 405
2019-11-06 21:02:11,635 1 DEBUG OSGi.NET.Core.Bundle OSGi.NET.Core.Bundle.Start(D:\gitLib\OSGi.NET\OSGi.NET Client\OSGi.NET\Core\Bundle.cs:255) f :  模块DBPlugin启动开始！
2019-11-06 21:02:11,636 1 DEBUG OSGi.NET.Core.Bundle OSGi.NET.Core.Bundle.Resolve(D:\gitLib\OSGi.NET\OSGi.NET Client\OSGi.NET\Core\Bundle.cs:401) f :  模块DBPlugin加载开始！
2019-11-06 21:02:11,636 1 DEBUG OSGi.NET.Core.Bundle OSGi.NET.Core.Bundle.LoadRequiredBundle(D:\gitLib\OSGi.NET\OSGi.NET Client\OSGi.NET\Core\Bundle.cs:427) f :  加载相关依赖模块！
2019-11-06 21:02:11,636 1 DEBUG OSGi.NET.Core.Bundle OSGi.NET.Core.Bundle.LoadAssemblys(D:\gitLib\OSGi.NET\OSGi.NET Client\OSGi.NET\Core\Bundle.cs:503) f :  模块加载自身程序集！
2019-11-06 21:02:11,637 1 DEBUG OSGi.NET.Core.Bundle OSGi.NET.Core.Bundle.LoadAssemblys(D:\gitLib\OSGi.NET\OSGi.NET Client\OSGi.NET\Core\Bundle.cs:533) f :  模块关联引用模块[LogPlugin]！
2019-11-06 21:02:11,638 1 DEBUG OSGi.NET.Core.Bundle OSGi.NET.Core.Bundle.LoadAssemblys(D:\gitLib\OSGi.NET\OSGi.NET Client\OSGi.NET\Core\Bundle.cs:548) f :  模块关联共享库程序集[log4net]！
2019-11-06 21:02:11,648 1 DEBUG OSGi.NET.Core.Bundle OSGi.NET.Core.Bundle.LoadActivator(D:\gitLib\OSGi.NET\OSGi.NET Client\OSGi.NET\Core\Bundle.cs:603) f :  模块搜索激活器！
2019-11-06 21:02:11,649 1 DEBUG OSGi.NET.Core.Bundle OSGi.NET.Core.Bundle.Resolve(D:\gitLib\OSGi.NET\OSGi.NET Client\OSGi.NET\Core\Bundle.cs:418) f :  模块DBPlugin加载结束！
2019-11-06 21:02:11,649 1 DEBUG OSGi.NET.Core.Bundle OSGi.NET.Core.Bundle.Start(D:\gitLib\OSGi.NET\OSGi.NET Client\OSGi.NET\Core\Bundle.cs:281) f :  激活器启动！
2019-11-06 21:02:11,666 1 DEBUG OSGi.NET.Core.Bundle OSGi.NET.Core.Bundle.Start(D:\gitLib\OSGi.NET\OSGi.NET Client\OSGi.NET\Core\Bundle.cs:297) f :  模块DBPlugin启动失败！
2019-11-06 21:02:11,673 1 ERROR OSGi.NET.Core.Root.Framework OSGi.NET.Core.Root.Framework.Start(D:\gitLib\OSGi.NET\OSGi.NET Client\OSGi.NET\Core\Root\Framework.cs:409) f :  启动插件[Bundle[AssemblyName:DBPlugin, Version=1.0.0.0, Culture=neutral, PublicKeyToken=null,SymbolicName:DBPlugin,Version:1.0.0.0]]时出现异常
System.NullReferenceException: 未将对象引用设置到对象的实例。
   在 OSGi.NET.Core.Bundle.Start() 位置 D:\gitLib\OSGi.NET\OSGi.NET Client\OSGi.NET\Core\Bundle.cs:行号 298
   在 OSGi.NET.Core.Root.Framework.Start() 位置 D:\gitLib\OSGi.NET\OSGi.NET Client\OSGi.NET\Core\Root\Framework.cs:行号 405
2019-11-06 21:02:11,674 1 DEBUG OSGi.NET.Core.Root.Framework OSGi.NET.Core.Root.Framework.Start(D:\gitLib\OSGi.NET\OSGi.NET Client\OSGi.NET\Core\Root\Framework.cs:418) f :  框架启动完成！
2019-11-06 21:02:27,181 1 DEBUG OSGi.NET.Core.Root.Framework OSGi.NET.Core.Root.Framework.LoadMetaData(D:\gitLib\OSGi.NET\OSGi.NET Client\OSGi.NET\Core\Root\Framework.cs:210) f :  框架读取元数据信息！
2019-11-06 21:02:27,226 1 DEBUG OSGi.NET.Core.Root.Framework OSGi.NET.Core.Root.Framework.Init(D:\gitLib\OSGi.NET\OSGi.NET Client\OSGi.NET\Core\Root\Framework.cs:177) f :  框架初始化开始！
2019-11-06 21:02:27,228 1 DEBUG OSGi.NET.Core.Root.Framework OSGi.NET.Core.Root.Framework.ReadConfig(D:\gitLib\OSGi.NET\OSGi.NET Client\OSGi.NET\Core\Root\Framework.cs:231) f :  框架读取配置！
2019-11-06 21:02:27,233 1 DEBUG OSGi.NET.Core.Root.Framework OSGi.NET.Core.Root.Framework.LoadShareAssemblys(D:\gitLib\OSGi.NET\OSGi.NET Client\OSGi.NET\Core\Root\Framework.cs:249) f :  框架加载共享程序集！
2019-11-06 21:02:27,238 1 DEBUG OSGi.NET.Core.Root.Framework OSGi.NET.Core.Root.Framework.DomainAssemblyInsertShareLib(D:\gitLib\OSGi.NET\OSGi.NET Client\OSGi.NET\Core\Root\Framework.cs:323) f :  框架关联共享程序集[Project]！
2019-11-06 21:02:27,240 1 DEBUG OSGi.NET.Core.Root.Framework OSGi.NET.Core.Root.Framework.DomainAssemblyInsertShareLib(D:\gitLib\OSGi.NET\OSGi.NET Client\OSGi.NET\Core\Root\Framework.cs:323) f :  框架关联共享程序集[log4net]！
2019-11-06 21:02:27,242 1 DEBUG OSGi.NET.Core.Root.Framework OSGi.NET.Core.Root.Framework.DiscoverBundles(D:\gitLib\OSGi.NET\OSGi.NET Client\OSGi.NET\Core\Root\Framework.cs:336) f :  框架读取模块信息！
2019-11-06 21:02:27,276 1 DEBUG OSGi.NET.Core.Bundle OSGi.NET.Core.Bundle.LoadMetaData(D:\gitLib\OSGi.NET\OSGi.NET Client\OSGi.NET\Core\Bundle.cs:199) f :  模块读取元数据信息！[LogPlugin]
2019-11-06 21:02:27,411 1 DEBUG OSGi.NET.Core.Bundle OSGi.NET.Core.Bundle.LoadMetaData(D:\gitLib\OSGi.NET\OSGi.NET Client\OSGi.NET\Core\Bundle.cs:199) f :  模块读取元数据信息！[CachePlugin]
2019-11-06 21:02:27,441 1 DEBUG OSGi.NET.Core.Bundle OSGi.NET.Core.Bundle.LoadMetaData(D:\gitLib\OSGi.NET\OSGi.NET Client\OSGi.NET\Core\Bundle.cs:199) f :  模块读取元数据信息！[DBPlugin]
2019-11-06 21:02:27,466 1 DEBUG OSGi.NET.Core.Root.Framework OSGi.NET.Core.Root.Framework.Init(D:\gitLib\OSGi.NET\OSGi.NET Client\OSGi.NET\Core\Root\Framework.cs:196) f :  框架初始化结束！
2019-11-06 21:02:27,467 1 DEBUG OSGi.NET.Core.Root.Framework OSGi.NET.Core.Root.Framework.Start(D:\gitLib\OSGi.NET\OSGi.NET Client\OSGi.NET\Core\Root\Framework.cs:375) f :  框架启动开始！
2019-11-06 21:02:27,469 1 DEBUG OSGi.NET.Core.Bundle OSGi.NET.Core.Bundle.Start(D:\gitLib\OSGi.NET\OSGi.NET Client\OSGi.NET\Core\Bundle.cs:255) f :  模块LogPlugin启动开始！
2019-11-06 21:02:27,469 1 DEBUG OSGi.NET.Core.Bundle OSGi.NET.Core.Bundle.Resolve(D:\gitLib\OSGi.NET\OSGi.NET Client\OSGi.NET\Core\Bundle.cs:401) f :  模块LogPlugin加载开始！
2019-11-06 21:02:27,472 1 DEBUG OSGi.NET.Core.Bundle OSGi.NET.Core.Bundle.LoadRequiredBundle(D:\gitLib\OSGi.NET\OSGi.NET Client\OSGi.NET\Core\Bundle.cs:427) f :  加载相关依赖模块！
2019-11-06 21:02:27,479 1 DEBUG OSGi.NET.Core.Bundle OSGi.NET.Core.Bundle.LoadAssemblys(D:\gitLib\OSGi.NET\OSGi.NET Client\OSGi.NET\Core\Bundle.cs:503) f :  模块加载自身程序集！
2019-11-06 21:02:27,515 1 DEBUG OSGi.NET.Core.Bundle OSGi.NET.Core.Bundle.LoadAssemblys(D:\gitLib\OSGi.NET\OSGi.NET Client\OSGi.NET\Core\Bundle.cs:548) f :  模块关联共享库程序集[log4net]！
2019-11-06 21:02:27,835 1 DEBUG OSGi.NET.Core.Bundle OSGi.NET.Core.Bundle.LoadActivator(D:\gitLib\OSGi.NET\OSGi.NET Client\OSGi.NET\Core\Bundle.cs:603) f :  模块搜索激活器！
2019-11-06 21:02:27,836 1 DEBUG OSGi.NET.Core.Bundle OSGi.NET.Core.Bundle.Resolve(D:\gitLib\OSGi.NET\OSGi.NET Client\OSGi.NET\Core\Bundle.cs:418) f :  模块LogPlugin加载结束！
2019-11-06 21:02:27,836 1 DEBUG OSGi.NET.Core.Bundle OSGi.NET.Core.Bundle.Start(D:\gitLib\OSGi.NET\OSGi.NET Client\OSGi.NET\Core\Bundle.cs:281) f :  激活器启动！
2019-11-06 21:02:27,843 1 DEBUG LogPlugin.Class1 LogPlugin.Class1.Start(:0) f :  LogPlugin Started!
2019-11-06 21:02:27,844 1 DEBUG OSGi.NET.Core.Bundle OSGi.NET.Core.Bundle.Start(D:\gitLib\OSGi.NET\OSGi.NET Client\OSGi.NET\Core\Bundle.cs:286) f :  加载扩展点数据！
2019-11-06 21:02:27,847 1 DEBUG OSGi.NET.Core.Bundle OSGi.NET.Core.Bundle.LoadExtensions(D:\gitLib\OSGi.NET\OSGi.NET Client\OSGi.NET\Core\Bundle.cs:311) f :  扩展点加载开始！
2019-11-06 21:02:27,854 1 DEBUG OSGi.NET.Core.Bundle OSGi.NET.Core.Bundle.LoadExtensions(D:\gitLib\OSGi.NET\OSGi.NET Client\OSGi.NET\Core\Bundle.cs:388) f :  扩展点加载结束！
2019-11-06 21:02:27,854 1 DEBUG OSGi.NET.Core.Bundle OSGi.NET.Core.Bundle.Start(D:\gitLib\OSGi.NET\OSGi.NET Client\OSGi.NET\Core\Bundle.cs:302) f :  模块LogPlugin启动结束！
2019-11-06 21:02:27,857 1 DEBUG OSGi.NET.Core.Bundle OSGi.NET.Core.Bundle.Start(D:\gitLib\OSGi.NET\OSGi.NET Client\OSGi.NET\Core\Bundle.cs:255) f :  模块CachePlugin启动开始！
2019-11-06 21:02:27,857 1 DEBUG OSGi.NET.Core.Bundle OSGi.NET.Core.Bundle.Resolve(D:\gitLib\OSGi.NET\OSGi.NET Client\OSGi.NET\Core\Bundle.cs:401) f :  模块CachePlugin加载开始！
2019-11-06 21:02:27,858 1 DEBUG OSGi.NET.Core.Bundle OSGi.NET.Core.Bundle.LoadRequiredBundle(D:\gitLib\OSGi.NET\OSGi.NET Client\OSGi.NET\Core\Bundle.cs:427) f :  加载相关依赖模块！
2019-11-06 21:02:27,858 1 DEBUG OSGi.NET.Core.Bundle OSGi.NET.Core.Bundle.LoadAssemblys(D:\gitLib\OSGi.NET\OSGi.NET Client\OSGi.NET\Core\Bundle.cs:503) f :  模块加载自身程序集！
2019-11-06 21:02:27,859 1 DEBUG OSGi.NET.Core.Bundle OSGi.NET.Core.Bundle.LoadAssemblys(D:\gitLib\OSGi.NET\OSGi.NET Client\OSGi.NET\Core\Bundle.cs:533) f :  模块关联引用模块[LogPlugin]！
2019-11-06 21:02:27,861 1 DEBUG OSGi.NET.Core.Bundle OSGi.NET.Core.Bundle.LoadAssemblys(D:\gitLib\OSGi.NET\OSGi.NET Client\OSGi.NET\Core\Bundle.cs:548) f :  模块关联共享库程序集[log4net]！
2019-11-06 21:02:27,882 1 DEBUG OSGi.NET.Core.Bundle OSGi.NET.Core.Bundle.LoadActivator(D:\gitLib\OSGi.NET\OSGi.NET Client\OSGi.NET\Core\Bundle.cs:603) f :  模块搜索激活器！
2019-11-06 21:02:27,883 1 DEBUG OSGi.NET.Core.Bundle OSGi.NET.Core.Bundle.Resolve(D:\gitLib\OSGi.NET\OSGi.NET Client\OSGi.NET\Core\Bundle.cs:418) f :  模块CachePlugin加载结束！
2019-11-06 21:02:27,884 1 DEBUG OSGi.NET.Core.Bundle OSGi.NET.Core.Bundle.Start(D:\gitLib\OSGi.NET\OSGi.NET Client\OSGi.NET\Core\Bundle.cs:281) f :  激活器启动！
2019-11-06 21:02:28,011 1 DEBUG OSGi.NET.Core.Bundle OSGi.NET.Core.Bundle.Start(D:\gitLib\OSGi.NET\OSGi.NET Client\OSGi.NET\Core\Bundle.cs:297) f :  模块CachePlugin启动失败！
2019-11-06 21:02:28,020 1 ERROR OSGi.NET.Core.Root.Framework OSGi.NET.Core.Root.Framework.Start(D:\gitLib\OSGi.NET\OSGi.NET Client\OSGi.NET\Core\Root\Framework.cs:409) f :  启动插件[Bundle[AssemblyName:CachePlugin, Version=1.0.0.0, Culture=neutral, PublicKeyToken=null,SymbolicName:CachePlugin,Version:1.0.0.0]]时出现异常
System.NullReferenceException: 未将对象引用设置到对象的实例。
   在 OSGi.NET.Core.Bundle.Start() 位置 D:\gitLib\OSGi.NET\OSGi.NET Client\OSGi.NET\Core\Bundle.cs:行号 298
   在 OSGi.NET.Core.Root.Framework.Start() 位置 D:\gitLib\OSGi.NET\OSGi.NET Client\OSGi.NET\Core\Root\Framework.cs:行号 405
2019-11-06 21:02:28,030 1 DEBUG OSGi.NET.Core.Bundle OSGi.NET.Core.Bundle.Start(D:\gitLib\OSGi.NET\OSGi.NET Client\OSGi.NET\Core\Bundle.cs:255) f :  模块DBPlugin启动开始！
2019-11-06 21:02:28,030 1 DEBUG OSGi.NET.Core.Bundle OSGi.NET.Core.Bundle.Resolve(D:\gitLib\OSGi.NET\OSGi.NET Client\OSGi.NET\Core\Bundle.cs:401) f :  模块DBPlugin加载开始！
2019-11-06 21:02:28,030 1 DEBUG OSGi.NET.Core.Bundle OSGi.NET.Core.Bundle.LoadRequiredBundle(D:\gitLib\OSGi.NET\OSGi.NET Client\OSGi.NET\Core\Bundle.cs:427) f :  加载相关依赖模块！
2019-11-06 21:02:28,031 1 DEBUG OSGi.NET.Core.Bundle OSGi.NET.Core.Bundle.LoadAssemblys(D:\gitLib\OSGi.NET\OSGi.NET Client\OSGi.NET\Core\Bundle.cs:503) f :  模块加载自身程序集！
2019-11-06 21:02:28,032 1 DEBUG OSGi.NET.Core.Bundle OSGi.NET.Core.Bundle.LoadAssemblys(D:\gitLib\OSGi.NET\OSGi.NET Client\OSGi.NET\Core\Bundle.cs:533) f :  模块关联引用模块[LogPlugin]！
2019-11-06 21:02:28,033 1 DEBUG OSGi.NET.Core.Bundle OSGi.NET.Core.Bundle.LoadAssemblys(D:\gitLib\OSGi.NET\OSGi.NET Client\OSGi.NET\Core\Bundle.cs:548) f :  模块关联共享库程序集[log4net]！
2019-11-06 21:02:28,080 1 DEBUG OSGi.NET.Core.Bundle OSGi.NET.Core.Bundle.LoadActivator(D:\gitLib\OSGi.NET\OSGi.NET Client\OSGi.NET\Core\Bundle.cs:603) f :  模块搜索激活器！
2019-11-06 21:02:28,081 1 DEBUG OSGi.NET.Core.Bundle OSGi.NET.Core.Bundle.Resolve(D:\gitLib\OSGi.NET\OSGi.NET Client\OSGi.NET\Core\Bundle.cs:418) f :  模块DBPlugin加载结束！
2019-11-06 21:02:28,081 1 DEBUG OSGi.NET.Core.Bundle OSGi.NET.Core.Bundle.Start(D:\gitLib\OSGi.NET\OSGi.NET Client\OSGi.NET\Core\Bundle.cs:281) f :  激活器启动！
2019-11-06 21:02:28,105 1 DEBUG OSGi.NET.Core.Bundle OSGi.NET.Core.Bundle.Start(D:\gitLib\OSGi.NET\OSGi.NET Client\OSGi.NET\Core\Bundle.cs:297) f :  模块DBPlugin启动失败！
2019-11-06 21:02:28,112 1 ERROR OSGi.NET.Core.Root.Framework OSGi.NET.Core.Root.Framework.Start(D:\gitLib\OSGi.NET\OSGi.NET Client\OSGi.NET\Core\Root\Framework.cs:409) f :  启动插件[Bundle[AssemblyName:DBPlugin, Version=1.0.0.0, Culture=neutral, PublicKeyToken=null,SymbolicName:DBPlugin,Version:1.0.0.0]]时出现异常
System.NullReferenceException: 未将对象引用设置到对象的实例。
   在 OSGi.NET.Core.Bundle.Start() 位置 D:\gitLib\OSGi.NET\OSGi.NET Client\OSGi.NET\Core\Bundle.cs:行号 298
   在 OSGi.NET.Core.Root.Framework.Start() 位置 D:\gitLib\OSGi.NET\OSGi.NET Client\OSGi.NET\Core\Root\Framework.cs:行号 405
2019-11-06 21:02:28,112 1 DEBUG OSGi.NET.Core.Root.Framework OSGi.NET.Core.Root.Framework.Start(D:\gitLib\OSGi.NET\OSGi.NET Client\OSGi.NET\Core\Root\Framework.cs:418) f :  框架启动完成！
